Actor locak-0/world-0
vm_0_2_centos:7652:7652 [0] NCCL INFO Bootstrap : Using eth0:192.168.0.5<0>
vm_0_2_centos:7652:7652 [0] NCCL INFO Plugin Path : /opt/hpcx/nccl_rdma_sharp_plugin/lib/libnccl-net.so
vm_0_2_centos:7652:7652 [0] NCCL INFO P2P plugin IBext
vm_0_2_centos:7652:7652 [0] NCCL INFO NET/IB : No device found.
vm_0_2_centos:7652:7652 [0] NCCL INFO NET/IB : No device found.
vm_0_2_centos:7652:7652 [0] NCCL INFO NET/Socket : Using [0]eth0:192.168.0.5<0>
vm_0_2_centos:7652:7652 [0] NCCL INFO Using network Socket
NCCL version 2.11.4+cuda11.4
vm_0_2_centos:7652:7898 [0] NCCL INFO Channel 00/02 :    0   1   2   3
vm_0_2_centos:7652:7898 [0] NCCL INFO Channel 01/02 :    0   1   2   3
vm_0_2_centos:7652:7898 [0] NCCL INFO Trees [0] 1/2/-1->0->-1 [1] 1/-1/-1->0->2
vm_0_2_centos:7652:7898 [0] NCCL INFO Channel 00 : 3[130] -> 0[120] [receive] via NET/Socket/0
vm_0_2_centos:7652:7898 [0] NCCL INFO Channel 01 : 3[130] -> 0[120] [receive] via NET/Socket/0
vm_0_2_centos:7652:7898 [0] NCCL INFO Channel 00 : 0[120] -> 1[130] via P2P/IPC/read
vm_0_2_centos:7652:7898 [0] NCCL INFO Channel 01 : 0[120] -> 1[130] via P2P/IPC/read
vm_0_2_centos:7652:7898 [0] NCCL INFO Connected all rings
vm_0_2_centos:7652:7898 [0] NCCL INFO Channel 00 : 2[120] -> 0[120] [receive] via NET/Socket/0
vm_0_2_centos:7652:7898 [0] NCCL INFO Channel 01 : 2[120] -> 0[120] [receive] via NET/Socket/0
vm_0_2_centos:7652:7898 [0] NCCL INFO Channel 00 : 0[120] -> 2[120] [send] via NET/Socket/0
vm_0_2_centos:7652:7898 [0] NCCL INFO Channel 01 : 0[120] -> 2[120] [send] via NET/Socket/0
vm_0_2_centos:7652:7898 [0] NCCL INFO Connected all trees
vm_0_2_centos:7652:7898 [0] NCCL INFO threadThresholds 8/8/64 | 32/8/64 | 8/8/512
vm_0_2_centos:7652:7898 [0] NCCL INFO 2 coll channels, 2 p2p channels, 1 p2p channels per peer
vm_0_2_centos:7652:7898 [0] NCCL INFO comm 0x7fabc00090d0 rank 0 nranks 4 cudaDev 0 busId 120 - Init COMPLETE
vm_0_2_centos:7652:7652 [0] NCCL INFO Launch mode Parallel

______偏移量: 10 ______

----------
Warmup number: 2
vm_0_2_centos:7652:7918 [0] NCCL INFO Channel 00/24 :    0   1
vm_0_2_centos:7652:7918 [0] NCCL INFO Channel 01/24 :    0   1
vm_0_2_centos:7652:7918 [0] NCCL INFO Channel 02/24 :    0   1
vm_0_2_centos:7652:7918 [0] NCCL INFO Channel 03/24 :    0   1
vm_0_2_centos:7652:7918 [0] NCCL INFO Channel 04/24 :    0   1
vm_0_2_centos:7652:7918 [0] NCCL INFO Channel 05/24 :    0   1
vm_0_2_centos:7652:7918 [0] NCCL INFO Channel 06/24 :    0   1
vm_0_2_centos:7652:7918 [0] NCCL INFO Channel 07/24 :    0   1
vm_0_2_centos:7652:7918 [0] NCCL INFO Channel 08/24 :    0   1
vm_0_2_centos:7652:7918 [0] NCCL INFO Channel 09/24 :    0   1
vm_0_2_centos:7652:7918 [0] NCCL INFO Channel 10/24 :    0   1
vm_0_2_centos:7652:7918 [0] NCCL INFO Channel 11/24 :    0   1
vm_0_2_centos:7652:7918 [0] NCCL INFO Channel 12/24 :    0   1
vm_0_2_centos:7652:7918 [0] NCCL INFO Channel 13/24 :    0   1
vm_0_2_centos:7652:7918 [0] NCCL INFO Channel 14/24 :    0   1
vm_0_2_centos:7652:7918 [0] NCCL INFO Channel 15/24 :    0   1
vm_0_2_centos:7652:7918 [0] NCCL INFO Channel 16/24 :    0   1
vm_0_2_centos:7652:7918 [0] NCCL INFO Channel 17/24 :    0   1
vm_0_2_centos:7652:7918 [0] NCCL INFO Channel 18/24 :    0   1
vm_0_2_centos:7652:7918 [0] NCCL INFO Channel 19/24 :    0   1
vm_0_2_centos:7652:7918 [0] NCCL INFO Channel 20/24 :    0   1
vm_0_2_centos:7652:7918 [0] NCCL INFO Channel 21/24 :    0   1
vm_0_2_centos:7652:7918 [0] NCCL INFO Channel 22/24 :    0   1
vm_0_2_centos:7652:7918 [0] NCCL INFO Channel 23/24 :    0   1
vm_0_2_centos:7652:7918 [0] NCCL INFO Trees [0] 1/-1/-1->0->-1 [1] 1/-1/-1->0->-1 [2] 1/-1/-1->0->-1 [3] 1/-1/-1->0->-1 [4] 1/-1/-1->0->-1 [5] 1/-1/-1->0->-1 [6] 1/-1/-1->0->-1 [7] 1/-1/-1->0->-1 [8] 1/-1/-1->0->-1 [9] 1/-1/-1->0->-1 [10] 1/-1/-1->0->-1 [11] 1/-1/-1->0->-1 [12] 1/-1/-1->0->-1 [13] 1/-1/-1->0->-1 [14] 1/-1/-1->0->-1 [15] 1/-1/-1->0->-1 [16] 1/-1/-1->0->-1 [17] 1/-1/-1->0->-1 [18] 1/-1/-1->0->-1 [19] 1/-1/-1->0->-1 [20] 1/-1/-1->0->-1 [21] 1/-1/-1->0->-1 [22] 1/-1/-1->0->-1 [23] 1/-1/-1->0->-1
vm_0_2_centos:7652:7918 [0] NCCL INFO Channel 00 : 0[120] -> 1[130] via P2P/IPC/read
vm_0_2_centos:7652:7918 [0] NCCL INFO Channel 01 : 0[120] -> 1[130] via P2P/IPC/read
vm_0_2_centos:7652:7918 [0] NCCL INFO Channel 02 : 0[120] -> 1[130] via P2P/IPC/read
vm_0_2_centos:7652:7918 [0] NCCL INFO Channel 03 : 0[120] -> 1[130] via P2P/IPC/read
vm_0_2_centos:7652:7918 [0] NCCL INFO Channel 04 : 0[120] -> 1[130] via P2P/IPC/read
vm_0_2_centos:7652:7918 [0] NCCL INFO Channel 05 : 0[120] -> 1[130] via P2P/IPC/read
vm_0_2_centos:7652:7918 [0] NCCL INFO Channel 06 : 0[120] -> 1[130] via P2P/IPC/read
vm_0_2_centos:7652:7918 [0] NCCL INFO Channel 07 : 0[120] -> 1[130] via P2P/IPC/read
vm_0_2_centos:7652:7918 [0] NCCL INFO Channel 08 : 0[120] -> 1[130] via P2P/IPC/read
vm_0_2_centos:7652:7918 [0] NCCL INFO Channel 09 : 0[120] -> 1[130] via P2P/IPC/read
vm_0_2_centos:7652:7918 [0] NCCL INFO Channel 10 : 0[120] -> 1[130] via P2P/IPC/read
vm_0_2_centos:7652:7918 [0] NCCL INFO Channel 11 : 0[120] -> 1[130] via P2P/IPC/read
vm_0_2_centos:7652:7918 [0] NCCL INFO Channel 12 : 0[120] -> 1[130] via P2P/IPC/read
vm_0_2_centos:7652:7918 [0] NCCL INFO Channel 13 : 0[120] -> 1[130] via P2P/IPC/read
vm_0_2_centos:7652:7918 [0] NCCL INFO Channel 14 : 0[120] -> 1[130] via P2P/IPC/read
vm_0_2_centos:7652:7918 [0] NCCL INFO Channel 15 : 0[120] -> 1[130] via P2P/IPC/read
vm_0_2_centos:7652:7918 [0] NCCL INFO Channel 16 : 0[120] -> 1[130] via P2P/IPC/read
vm_0_2_centos:7652:7918 [0] NCCL INFO Channel 17 : 0[120] -> 1[130] via P2P/IPC/read
vm_0_2_centos:7652:7918 [0] NCCL INFO Channel 18 : 0[120] -> 1[130] via P2P/IPC/read
vm_0_2_centos:7652:7918 [0] NCCL INFO Channel 19 : 0[120] -> 1[130] via P2P/IPC/read
vm_0_2_centos:7652:7918 [0] NCCL INFO Channel 20 : 0[120] -> 1[130] via P2P/IPC/read
vm_0_2_centos:7652:7918 [0] NCCL INFO Channel 21 : 0[120] -> 1[130] via P2P/IPC/read
vm_0_2_centos:7652:7918 [0] NCCL INFO Channel 22 : 0[120] -> 1[130] via P2P/IPC/read
vm_0_2_centos:7652:7918 [0] NCCL INFO Channel 23 : 0[120] -> 1[130] via P2P/IPC/read
vm_0_2_centos:7652:7918 [0] NCCL INFO Connected all rings
vm_0_2_centos:7652:7918 [0] NCCL INFO Connected all trees
vm_0_2_centos:7652:7918 [0] NCCL INFO threadThresholds 8/8/64 | 16/8/64 | 8/8/512
vm_0_2_centos:7652:7918 [0] NCCL INFO 24 coll channels, 32 p2p channels, 32 p2p channels per peer
vm_0_2_centos:7652:7918 [0] NCCL INFO comm 0x7fabb40090d0 rank 0 nranks 2 cudaDev 0 busId 120 - Init COMPLETE
vm_0_2_centos:7652:7966 [0] NCCL INFO Channel 24 : 0[120] -> 1[130] via P2P/IPC/read
vm_0_2_centos:7652:7966 [0] NCCL INFO Channel 25 : 0[120] -> 1[130] via P2P/IPC/read
vm_0_2_centos:7652:7966 [0] NCCL INFO Channel 26 : 0[120] -> 1[130] via P2P/IPC/read
vm_0_2_centos:7652:7966 [0] NCCL INFO Channel 27 : 0[120] -> 1[130] via P2P/IPC/read
vm_0_2_centos:7652:7966 [0] NCCL INFO Channel 28 : 0[120] -> 1[130] via P2P/IPC/read
vm_0_2_centos:7652:7966 [0] NCCL INFO Channel 29 : 0[120] -> 1[130] via P2P/IPC/read
vm_0_2_centos:7652:7966 [0] NCCL INFO Channel 30 : 0[120] -> 1[130] via P2P/IPC/read
vm_0_2_centos:7652:7966 [0] NCCL INFO Channel 31 : 0[120] -> 1[130] via P2P/IPC/read
vm_0_2_centos:7652:7652 [0] NCCL INFO Launch mode Parallel
Repeat 8192 Benchmark
SendRecv: [0, 1]	Bytes: 0.00000 GB	Time: 0.00002 s	Bandwidth: 0.19 GB/s

______偏移量: 11 ______

----------
Warmup number: 2
Repeat 8192 Benchmark
SendRecv: [0, 1]	Bytes: 0.00001 GB	Time: 0.00002 s	Bandwidth: 0.40 GB/s

______偏移量: 12 ______

----------
Warmup number: 2
Repeat 8192 Benchmark
SendRecv: [0, 1]	Bytes: 0.00002 GB	Time: 0.00002 s	Bandwidth: 0.81 GB/s

______偏移量: 13 ______

----------
Warmup number: 2
Repeat 8192 Benchmark
SendRecv: [0, 1]	Bytes: 0.00003 GB	Time: 0.00002 s	Bandwidth: 1.60 GB/s

______偏移量: 14 ______

----------
Warmup number: 2
Repeat 8192 Benchmark
SendRecv: [0, 1]	Bytes: 0.00006 GB	Time: 0.00002 s	Bandwidth: 3.14 GB/s

______偏移量: 15 ______

----------
Warmup number: 2
Repeat 8192 Benchmark
SendRecv: [0, 1]	Bytes: 0.00012 GB	Time: 0.00002 s	Bandwidth: 6.15 GB/s

______偏移量: 16 ______

----------
Warmup number: 2
Repeat 4096 Benchmark
SendRecv: [0, 1]	Bytes: 0.00024 GB	Time: 0.00003 s	Bandwidth: 9.26 GB/s

______偏移量: 17 ______

----------
Warmup number: 2
Repeat 2048 Benchmark
SendRecv: [0, 1]	Bytes: 0.00049 GB	Time: 0.00004 s	Bandwidth: 12.13 GB/s

______偏移量: 18 ______

----------
Warmup number: 2
Repeat 1024 Benchmark
SendRecv: [0, 1]	Bytes: 0.00098 GB	Time: 0.00005 s	Bandwidth: 18.33 GB/s

______偏移量: 19 ______

----------
Warmup number: 2
Repeat 512 Benchmark
SendRecv: [0, 1]	Bytes: 0.00195 GB	Time: 0.00006 s	Bandwidth: 31.09 GB/s

______偏移量: 20 ______

----------
Warmup number: 2
Repeat 256 Benchmark
SendRecv: [0, 1]	Bytes: 0.00391 GB	Time: 0.00007 s	Bandwidth: 57.07 GB/s

______偏移量: 21 ______

----------
Warmup number: 2
Repeat 128 Benchmark
SendRecv: [0, 1]	Bytes: 0.00781 GB	Time: 0.00008 s	Bandwidth: 99.49 GB/s

______偏移量: 22 ______

----------
Warmup number: 2
Repeat 64 Benchmark
SendRecv: [0, 1]	Bytes: 0.01562 GB	Time: 0.00012 s	Bandwidth: 128.38 GB/s

______偏移量: 23 ______

----------
Warmup number: 2
Repeat 32 Benchmark
SendRecv: [0, 1]	Bytes: 0.03125 GB	Time: 0.00021 s	Bandwidth: 150.54 GB/s

______偏移量: 24 ______

----------
Warmup number: 2
Repeat 16 Benchmark
SendRecv: [0, 1]	Bytes: 0.06250 GB	Time: 0.00036 s	Bandwidth: 174.89 GB/s

______偏移量: 25 ______

----------
Warmup number: 2
Repeat 10 Benchmark
SendRecv: [0, 1]	Bytes: 0.12500 GB	Time: 0.00070 s	Bandwidth: 177.44 GB/s

______偏移量: 26 ______

----------
Warmup number: 2
Repeat 10 Benchmark
SendRecv: [0, 1]	Bytes: 0.25000 GB	Time: 0.00132 s	Bandwidth: 189.62 GB/s

______偏移量: 27 ______

----------
Warmup number: 2
Repeat 10 Benchmark
SendRecv: [0, 1]	Bytes: 0.50000 GB	Time: 0.00259 s	Bandwidth: 193.17 GB/s

______偏移量: 28 ______

----------
Warmup number: 2
Repeat 10 Benchmark
SendRecv: [0, 1]	Bytes: 1.00000 GB	Time: 0.00504 s	Bandwidth: 198.55 GB/s

______END_____
